Problem parsing /mnt/Development/__strictify/forms_playground/psalm.xml:
  Could not resolve config path to /mnt/Development/__strictify/forms_playground//src/Response
Problem parsing /mnt/Development/__strictify/forms_playground/psalm.xml:
  Could not resolve config path to /mnt/Development/__strictify/forms_playground//src/Annotation
completion not found at 14:28
completion not found at 14:30
completion not found at 14:31
completion not found at 14:32
completion not found at 14:33
completion not found at 14:34
completion not found at 15:21
completion not found at 15:23
completion not found at 6:18
completion not found at 6:26
completion not found at 6:27
completion not found at 6:28
completion not found at 6:29
completion not found at 6:30
completion not found at 9:5
completion not found at 9:6
completion not found at 9:7
completion not found at 9:15
completion not found at 9:21
completion not found at 9:23
completion not found at 9:23
completion not found at 2:1
completion not found at 2:2
completion not found at 2:3
completion not found at 15:14
completion not found at 15:15
completion not found at 15:16
completion not found at 15:5
completion not found at 15:9
completion not found at 2:1
completion not found at 2:2
completion not found at 2:3
completion not found at 11:49
completion not found at 11:51
completion not found at 11:52
completion not found at 11:52
completion not found at 11:53
completion not found at 13:9
completion not found at 13:9
completion not found at 13:17
completion not found at 13:18
completion not found at 13:19
completion not found at 13:20
completion not found at 17:5
completion not found at 17:13
completion not found at 17:14
completion not found at 17:15
completion not found at 17:20
completion not found at 17:20
completion not found at 19:5
completion not found at 19:13
completion not found at 19:14
completion not found at 19:15
completion not found at 19:20
completion not found at 19:20
completion not found at 32:52
completion not found at 32:53
completion not found at 32:54
completion not found at 32:55
completion not found at 11:9
completion not found at 11:10
completion not found at 11:11
completion not found at 11:12
completion not found at 11:15
completion not found at 11:24
completion not found at 11:33
completion not found at 11:34
completion not found at 11:35
completion not found at 11:36
completion not found at 11:37
completion not found at 11:38
completion not found at 11:39
completion not found at 11:40
completion not found at 12:48
completion not found at 12:48
completion not found at 19:9
completion not found at 19:10
completion not found at 20:15
completion not found at 20:16
completion not found at 20:20
completion not found at 20:26
completion not found at 20:30
completion not found at 20:30
completion not found at 22:31
completion not found at 22:33
completion not found at 22:34
completion not found at 22:35
completion not found at 22:36
completion not found at 22:37
completion not found at 25:9
completion not found at 25:10
completion not found at 25:11
completion not found at 25:12
completion not found at 25:16
completion not found at 25:16
completion not found at 25:30
completion not found at 25:9
completion not found at 25:9
completion not found at 25:10
completion not found at 25:18
completion not found at 25:18
completion not found at 28:13
completion not found at 28:22
completion not found at 28:24
completion not found at 28:24
completion not found at 6:20
completion not found at 6:28
completion not found at 6:29
completion not found at 6:30
completion not found at 11:9
completion not found at 11:13
completion not found at 12:15
completion not found at 12:16
completion not found at 12:17
completion not found at 12:26
completion not found at 12:32
completion not found at 12:46
completion not found at 12:55
completion not found at 12:59
completion not found at 12:62
completion not found at 12:67
completion not found at 1:1
completion not found at 2:1
completion not found at 2:2
completion not found at 12:77
completion not found at 12:79
completion not found at 12:80
completion not found at 12:81
completion not found at 12:82
completion not found at 19:64
completion not found at 19:66
completion not found at 19:67
completion not found at 19:68
completion not found at 14:24
completion not found at 14:25
completion not found at 14:36
completion not found at 14:37
completion not found at 14:38
completion not found at 14:39
completion not found at 14:40
completion not found at 15:45
completion not found at 16:13
completion not found at 16:26
completion not found at 16:28
completion not found at 16:29
completion not found at 16:31
completion not found at 16:32
completion not found at 16:33
completion not found at 16:34
completion not found at 17:36
completion not found at 17:36
completion not found at 17:44
completion not found at 17:44
completion not found at 17:46
completion not found at 17:46
$storage should not be null for App\Entity\User::getid
$storage should not be null for App\Entity\User::getid
completion not found at 18:13
completion not found at 18:29
completion not found at 18:31
completion not found at 18:32
completion not found at 18:34
completion not found at 18:35
completion not found at 18:36
completion not found at 18:37
completion not found at 18:41
completion not found at 18:41
completion not found at 18:53
completion not found at 18:54
completion not found at 18:55
completion not found at 18:56
completion not found at 18:58
completion not found at 18:58
completion not found at 18:66
completion not found at 18:66
completion not found at 18:68
completion not found at 18:68
completion not found at 18:68
$storage should not be null for App\Entity\User::getid
$storage should not be null for App\Entity\User::getid
completion not found at 18:88
completion not found at 18:88
completion not found at 20:24
completion not found at 20:25
completion not found at 20:26
$storage should not be null for App\Entity\User::getid
$storage should not be null for App\Entity\User::getid
completion not found at 30:13
completion not found at 30:24
completion not found at 30:26
completion not found at 30:27
completion not found at 30:29
completion not found at 30:30
completion not found at 30:31
completion not found at 30:32
completion not found at 30:36
completion not found at 30:36
completion not found at 30:48
completion not found at 30:49
completion not found at 30:50
completion not found at 30:51
completion not found at 30:55
completion not found at 30:55
completion not found at 30:67
completion not found at 30:67
completion not found at 30:69
completion not found at 30:70
completion not found at 30:69
completion not found at 30:69
completion not found at 30:71
completion not found at 30:72
completion not found at 30:75
completion not found at 30:76
completion not found at 30:78
completion not found at 30:78
completion not found at 30:90
completion not found at 30:90
completion not found at 16:9
completion not found at 16:9
completion not found at 16:17
completion not found at 16:17
completion not found at 16:35
completion not found at 16:36
completion not found at 16:37
completion not found at 16:38
completion not found at 16:39
completion not found at 17:44
completion not found at 15:30
completion not found at 15:31
completion not found at 15:32
completion not found at 16:38
completion not found at 16:38
completion not found at 16:47
completion not found at 16:49
completion not found at 16:50
completion not found at 16:51
completion not found at 16:52
completion not found at 20:9
completion not found at 20:9
completion not found at 20:30
completion not found at 20:30
completion not found at 21:9
completion not found at 21:9
completion not found at 21:10
completion not found at 21:13
completion not found at 21:13
completion not found at 21:37
completion not found at 21:37
completion not found at 21:57
completion not found at 21:57
completion not found at 21:65
completion not found at 21:65
completion not found at 13:5
completion not found at 13:13
completion not found at 13:26
completion not found at 13:30
completion not found at 13:30
completion not found at 22:13
completion not found at 22:14
completion not found at 22:15
completion not found at 22:16
completion not found at 25:9
completion not found at 25:10
completion not found at 25:11
completion not found at 25:12
completion not found at 25:16
completion not found at 25:16
completion not found at 25:30
completion not found at 25:35
completion not found at 26:13
completion not found at 26:21
completion not found at 26:23
completion not found at 26:23
completion not found at 20:13
completion not found at 21:17
completion not found at 21:18
completion not found at 21:19
completion not found at 21:20
completion not found at 8:35
completion not found at 8:43
completion not found at 8:44
completion not found at 8:45
completion not found at 13:9
completion not found at 13:10
completion not found at 13:11
completion not found at 13:15
completion not found at 13:15
completion not found at 13:16
completion not found at 13:17
completion not found at 13:18
completion not found at 13:19
completion not found at 13:20
completion not found at 13:21
completion not found at 13:22
completion not found at 13:67
completion not found at 13:68
completion not found at 13:68
completion not found at 12:64
completion not found at 12:66
completion not found at 12:67
completion not found at 12:68
completion not found at 12:68
completion not found at 12:69
completion not found at 12:69
completion not found at 12:67
completion not found at 12:68
completion not found at 14:83
completion not found at 14:85
completion not found at 14:86
completion not found at 14:85
completion not found at 14:86
completion not found at 14:87
completion not found at 16:9
completion not found at 16:9
completion not found at 16:20
completion not found at 16:21
completion not found at 16:28
completion not found at 16:29
completion not found at 16:45
completion not found at 16:46
completion not found at 16:47
completion not found at 22:29
completion not found at 22:30
completion not found at 22:41
completion not found at 22:43
completion not found at 22:44
completion not found at 22:45
completion not found at 22:46
completion not found at 22:47
completion not found at 22:47
completion not found at 33:13
completion not found at 33:35
completion not found at 33:35
completion not found at 33:37
completion not found at 33:38
completion not found at 33:39
completion not found at 25:9
completion not found at 25:10
completion not found at 25:11
completion not found at 25:12
completion not found at 25:13
completion not found at 25:14
completion not found at 22:16
completion not found at 22:16
completion not found at 33:37
completion not found at 33:38
completion not found at 33:39
completion not found at 33:40
completion not found at 22:13
completion not found at 22:14
completion not found at 22:15
completion not found at 22:16
completion not found at 22:17
completion not found at 22:18
completion not found at 21:13
completion not found at 21:14
completion not found at 21:15
completion not found at 21:16
completion not found at 21:17
completion not found at 21:18
completion not found at 21:13
completion not found at 21:14
completion not found at 20:9
completion not found at 20:10
completion not found at 20:11
completion not found at 20:10
completion not found at 20:9
completion not found at 20:10
completion not found at 20:11
completion not found at 20:12
completion not found at 20:23
completion not found at 20:24
completion not found at 20:25
completion not found at 20:26
completion not found at 20:27
completion not found at 20:28
completion not found at 20:29
completion not found at 20:30
completion not found at 20:31
completion not found at 20:32
completion not found at 20:32
completion not found at 20:32
completion not found at 20:40
completion not found at 20:9
completion not found at 20:10
completion not found at 19:9
completion not found at 19:9
completion not found at 497:10
completion not found at 497:11
completion not found at 497:12
completion not found at 497:13
completion not found at 497:14
completion not found at 41:13
completion not found at 41:14
completion not found at 41:15
completion not found at 41:16
completion not found at 898:10
completion not found at 898:11
completion not found at 898:13
completion not found at 898:14
completion not found at 23:9
completion not found at 23:10
completion not found at 23:11
completion not found at 23:12
completion not found at 23:18
completion not found at 58:10
completion not found at 58:13
completion not found at 58:14
completion not found at 58:19
completion not found at 58:22
completion not found at 58:22
completion not found at 20:41
completion not found at 20:42
completion not found at 20:43
completion not found at 22:17
completion not found at 22:18
completion not found at 22:19
completion not found at 22:20
completion not found at 24:13
completion not found at 24:28
completion not found at 25:17
completion not found at 25:18
completion not found at 25:19
completion not found at 25:20
completion not found at 26:30
completion not found at 26:41
completion not found at 26:43
completion not found at 26:48
completion not found at 26:55
completion not found at 26:55
completion not found at 26:61
completion not found at 26:61
completion not found at 26:66
completion not found at 26:66
completion not found at 26:69
completion not found at 26:69
completion not found at 26:72
completion not found at 26:72
completion not found at 26:77
completion not found at 26:77
completion not found at 23:17
completion not found at 23:18
completion not found at 23:19
completion not found at 37:37
completion not found at 37:38
completion not found at 37:37
completion not found at 37:38
completion not found at 16:30
completion not found at 16:47
completion not found at 22:57
completion not found at 22:57
completion not found at 22:65
completion not found at 22:65
completion not found at 23:13
completion not found at 23:13
completion not found at 23:19
completion not found at 23:19
completion not found at 23:45
completion not found at 24:13
completion not found at 24:13
completion not found at 24:26
completion not found at 24:26
completion not found at 25:13
completion not found at 25:13
completion not found at 27:13
completion not found at 27:14
completion not found at 27:15
completion not found at 27:16
completion not found at 27:20
completion not found at 27:20
completion not found at 27:43
completion not found at 18:9
completion not found at 18:10
completion not found at 18:20
completion not found at 18:26
completion not found at 18:35
completion not found at 18:44
completion not found at 13:7
completion not found at 16:17
completion not found at 16:25
completion not found at 16:25
completion not found at 16:42
completion not found at 16:42
completion not found at 18:48
completion not found at 18:49
completion not found at 18:50
completion not found at 19:53
completion not found at 19:53
completion not found at 21:52
completion not found at 21:52
completion not found at 16:5
completion not found at 16:6
completion not found at 16:22
completion not found at 16:35
completion not found at 16:37
completion not found at 16:40
completion not found at 16:41
completion not found at 18:9
completion not found at 18:10
completion not found at 18:16
completion not found at 18:19
completion not found at 18:19
completion not found at 18:24
completion not found at 17:9
completion not found at 17:10
completion not found at 17:11
completion not found at 17:16
completion not found at 17:25
completion not found at 17:25
completion not found at 19:38
completion not found at 19:40
completion not found at 17:16
completion not found at 17:17
completion not found at 17:18
completion not found at 17:27
completion not found at 17:27
completion not found at 17:27
completion not found at 17:33
completion not found at 17:34
completion not found at 17:36
completion not found at 17:44
completion not found at 17:45
completion not found at 17:47
completion not found at 14:9
completion not found at 14:10
completion not found at 14:18
completion not found at 14:18
completion not found at 15:13
completion not found at 15:13
completion not found at 14:42
completion not found at 14:43
completion not found at 14:55
completion not found at 14:55
completion not found at 15:21
completion not found at 15:22
completion not found at 15:23
completion not found at 15:24
completion not found at 15:27
completion not found at 16:30
completion not found at 16:30
completion not found at 16:42
completion not found at 16:42
completion not found at 17:13
completion not found at 17:13
completion not found at 17:22
completion not found at 17:22
completion not found at 17:31
completion not found at 17:31
completion not found at 13:5
completion not found at 13:12
completion not found at 13:18
completion not found at 13:18
completion not found at 25:54
completion not found at 25:55
completion not found at 25:57
completion not found at 25:57
completion not found at 29:33
completion not found at 29:34
completion not found at 29:35
completion not found at 29:37
completion not found at 29:38
completion not found at 29:38
completion not found at 13:27
completion not found at 17:66
completion not found at 17:66
completion not found at 17:67
completion not found at 20:13
completion not found at 20:13
completion not found at 20:14
completion not found at 20:33
completion not found at 20:33
completion not found at 20:45
completion not found at 20:45
completion not found at 20:8
completion not found at 20:9
completion not found at 20:10
completion not found at 20:9
completion not found at 20:8
completion not found at 20:9
completion not found at 20:16
completion not found at 20:17
completion not found at 20:18
completion not found at 20:25
completion not found at 20:31
completion not found at 20:31
completion not found at 20:25
completion not found at 20:26
completion not found at 20:27
completion not found at 20:31
completion not found at 20:31
completion not found at 20:31
completion not found at 20:31
